[INFO] Scanning for projects...
[INFO] Reactor build order: 
[INFO]   Qpid
[INFO]   Qpid Common Utilities
[INFO]   Qpid Broker
[INFO]   junit-toolkit
[INFO]   Qpid Client
[INFO]   Qpid Plugins
[INFO]   junit-toolkit-maven-plugin
[INFO]   Qpid System Tests
[INFO]   Qpid Performance Tests
[INFO]   Qpid Integration Tests
[INFO]   Qpid Management
[INFO]   Qpid Example
[INFO]   Qpid Client for Java 1.4
[INFO] ----------------------------------------------------------------------------
[INFO] Building Qpid
[INFO]    task-segment: [test]
[INFO] ----------------------------------------------------------------------------
[INFO] No goals needed for project - skipping
[INFO] ----------------------------------------------------------------------------
[INFO] Building Qpid Common Utilities
[INFO]    task-segment: [test]
[INFO] ----------------------------------------------------------------------------
[INFO] [antrun:run {execution: protocol-version}]
[INFO] Executing tasks
     [echo] "C:\work\qpid\thegreatmerge\thegreatmerge-working\qpid\java\common\target/generated-sources/gentools"

compile_generator:

compile:

generate:
     [java] XML files: [C:\work\qpid\thegreatmerge\thegreatmerge-working\qpid\specs/amqp.0-8.xml, C:\work\qpid\thegreatmerge\thegreatmerge-working\qpid\specs/amqp.0-9.xml]
     [java]   "C:\work\qpid\thegreatmerge\thegreatmerge-working\qpid\specs/amqp.0-8.xml": Found version 8-0.
     [java]   "C:\work\qpid\thegreatmerge\thegreatmerge-working\qpid\specs/amqp.0-9.xml": Found version 0-9.
     [java] Looking for template files in directory: C:\work\qpid\thegreatmerge\thegreatmerge-working\qpid\java\common\templates\model
     [java] Looking for version specific template files in directory: C:\work\qpid\thegreatmerge\thegreatmerge-working\qpid\java\common\templates\model\version
     [java] model template file(s):
     [java]   C:\work\qpid\thegreatmerge\thegreatmerge-working\qpid\java\common\templates\model\ClientMethodDispatcherInterface.vm
     [java] model template file(s):
     [java]   C:\work\qpid\thegreatmerge\thegreatmerge-working\qpid\java\common\templates\model\MethodDispatcherInterface.vm
     [java] model template file(s):
     [java]   C:\work\qpid\thegreatmerge\thegreatmerge-working\qpid\java\common\templates\model\MethodRegistryClass.vm
     [java] model template file(s):
     [java]   C:\work\qpid\thegreatmerge\thegreatmerge-working\qpid\java\common\templates\model\ProtocolVersionListClass.vm
     [java] model template file(s):
     [java]   C:\work\qpid\thegreatmerge\thegreatmerge-working\qpid\java\common\templates\model\ServerMethodDispatcherInterface.vm
     [java] model template file(s):
     [java]   C:\work\qpid\thegreatmerge\thegreatmerge-working\qpid\java\common\templates\model\version\AmqpConstantsClass.vm
     [java] model template file(s):
     [java]   C:\work\qpid\thegreatmerge\thegreatmerge-working\qpid\java\common\templates\model\version\ClientMethodDispatcherInterface.vm
     [java] model template file(s):
     [java]   C:\work\qpid\thegreatmerge\thegreatmerge-working\qpid\java\common\templates\model\version\MethodDispatcherInterface.vm
     [java] model template file(s):
     [java]   C:\work\qpid\thegreatmerge\thegreatmerge-working\qpid\java\common\templates\model\version\MethodRegistryClass.vm
     [java] model template file(s):
     [java]   C:\work\qpid\thegreatmerge\thegreatmerge-working\qpid\java\common\templates\model\version\ServerMethodDispatcherInterface.vm
     [java] Looking for template files in directory: C:\work\qpid\thegreatmerge\thegreatmerge-working\qpid\java\common\templates\class
     [java] Looking for version specific template files in directory: C:\work\qpid\thegreatmerge\thegreatmerge-working\qpid\java\common\templates\class\version
     [java] Looking for template files in directory: C:\work\qpid\thegreatmerge\thegreatmerge-working\qpid\java\common\templates\method
     [java] Looking for version specific template files in directory: C:\work\qpid\thegreatmerge\thegreatmerge-working\qpid\java\common\templates\method\version
     [java] method template file(s):
     [java]   C:\work\qpid\thegreatmerge\thegreatmerge-working\qpid\java\common\templates\method\MethodBodyInterface.vm
     [java] method template file(s):
     [java]   C:\work\qpid\thegreatmerge\thegreatmerge-working\qpid\java\common\templates\method\version\MethodBodyClass.vm
     [java] Looking for template files in directory: C:\work\qpid\thegreatmerge\thegreatmerge-working\qpid\java\common\templates\field
     [java] Looking for version specific template files in directory: C:\work\qpid\thegreatmerge\thegreatmerge-working\qpid\java\common\templates\field\version
     [java] Generation directory: C:\work\qpid\thegreatmerge\thegreatmerge-working\qpid\java\common\target\generated-sources\gentools\org\apache\qpid\framing
     [java] Files generated: 0
     [java] Done.
[INFO] Executed tasks
[INFO] Registering compile source root C:\work\qpid\thegreatmerge\thegreatmerge-working\qpid\java\common\target\generated-sources\gentools
[INFO] [jython:jython {execution: jython}]
[INFO] [resources:resources]
[INFO] Using default encoding to copy filtered resources.
[INFO] [compiler:compile]
Compiling 325 source files to C:\work\qpid\thegreatmerge\thegreatmerge-working\qpid\java\common\target\classes
[INFO] [antrun:run {execution: version_properties}]
[INFO] Executing tasks
[propertyfile] Updating property file: C:\work\qpid\thegreatmerge\thegreatmerge-working\qpid\java\common\target\classes\qpidversion.properties
[INFO] Executed tasks
[INFO] [resources:testResources]
[INFO] Using default encoding to copy filtered resources.
[INFO] [compiler:testCompile]
[INFO] Nothing to compile - all classes are up to date
[INFO] [surefire:test]
[INFO] Surefire report directory: C:\work\qpid\thegreatmerge\thegreatmerge-working\qpid\java\common\target\surefire-reports

-------------------------------------------------------
 T E S T S
-------------------------------------------------------
Running org.apache.qpid.pool.PoolingFilterTest
log4j:WARN No appenders could be found for logger (org.apache.qpid.pool.PoolingFilter).
log4j:WARN Please initialize the log4j system properly.
Tests run: 1, Failures: 0, Errors: 0, Skipped: 0, Time elapsed: 0.125 sec
Running org.apache.qpid.framing.BasicContentHeaderPropertiesTest
Tests run: 18, Failures: 0, Errors: 0, Skipped: 0, Time elapsed: 0.156 sec
Running org.apache.qpid.util.CommandLineParserTest
Tests run: 22, Failures: 0, Errors: 0, Skipped: 0, Time elapsed: 0.031 sec
Running org.apache.qpid.framing.AMQShortStringTest
Tests run: 4, Failures: 0, Errors: 0, Skipped: 0, Time elapsed: 0.016 sec
Running org.apache.qpid.util.SerialTest
Tests run: 2, Failures: 0, Errors: 0, Skipped: 0, Time elapsed: 0.047 sec
Running org.apache.qpid.session.TestSession
Tests run: 0, Failures: 0, Errors: 0, Skipped: 0, Time elapsed: 0 sec
Running org.apache.qpidity.transport.ConnectionTest
Tests run: 1, Failures: 0, Errors: 0, Skipped: 0, Time elapsed: 0.594 sec
Running org.apache.qpid.framing.PropertyFieldTableTest
Tests run: 23, Failures: 0, Errors: 0, Skipped: 0, Time elapsed: 0.093 sec

Results :
Tests run: 71, Failures: 0, Errors: 0, Skipped: 0

[INFO] ----------------------------------------------------------------------------
[INFO] Building Qpid Broker
[INFO]    task-segment: [test]
[INFO] ----------------------------------------------------------------------------
[WARNING] While downloading javacc:javacc:3.2
  This artifact has been relocated to net.java.dev.javacc:javacc:3.2.


[INFO] [javacc:javacc {execution: default}]
[INFO] Nothing to process - all grammars are up to date
[INFO] [resources:resources]
[INFO] Using default encoding to copy filtered resources.
[INFO] [compiler:compile]
[INFO] Nothing to compile - all classes are up to date
[INFO] [antrun:run {execution: version_properties}]
[INFO] Executing tasks
[propertyfile] Updating property file: C:\work\qpid\thegreatmerge\thegreatmerge-working\qpid\java\broker\target\classes\qpidversion.properties
[INFO] Executed tasks
[INFO] [resources:testResources]
[INFO] Using default encoding to copy filtered resources.
[INFO] [compiler:testCompile]
[INFO] Nothing to compile - all classes are up to date
[INFO] [surefire:test]
[INFO] Surefire report directory: C:\work\qpid\thegreatmerge\thegreatmerge-working\qpid\java\broker\target\surefire-reports
main 2008-04-17 15:48:19,460 WARN [security.auth.sasl.UsernamePasswordInitialiser] we need a server that will correctly convert the incomming plain text for comparison to file.
main 2008-04-17 15:48:20,320 WARN [server.security.access.ACLManager] No ACL Plugin specified. Using default ACL Plugin 'AllowAll' for VirtualHost:'test'

-------------------------------------------------------
 T E S T S
-------------------------------------------------------
Running org.apache.qpid.server.util.LoggingProxyTest
Tests run: 1, Failures: 0, Errors: 0, Skipped: 0, Time elapsed: 0.031 sec
Running org.apache.qpid.server.SelectorParserTest
Tests run: 12, Failures: 0, Errors: 0, Skipped: 0, Time elapsed: 0.063 sec
Running org.apache.qpid.server.configuration.TestPropertyUtils
Tests run: 2, Failures: 0, Errors: 0, Skipped: 0, Time elapsed: 0.016 sec
Running org.apache.qpid.server.exchange.ExchangeMBeanTest
Tests run: 3, Failures: 0, Errors: 0, Skipped: 0, Time elapsed: 0.125 sec
Running org.apache.qpid.server.queue.AMQQueueAlertTest
Tests run: 5, Failures: 0, Errors: 0, Skipped: 0, Time elapsed: 1.312 sec
Running org.apache.qpid.server.exchange.HeadersBindingTest
Tests run: 14, Failures: 0, Errors: 0, Skipped: 0, Time elapsed: 0 sec
Running org.apache.qpid.server.queue.AMQQueueMBeanTest
Tests run: 5, Failures: 0, Errors: 0, Skipped: 0, Time elapsed: 0.079 sec
Running org.apache.qpid.server.protocol.TestIoSession
Tests run: 0, Failures: 0, Errors: 0, Skipped: 0, Time elapsed: 0 sec
Running org.apache.qpid.server.store.TestableMemoryMessageStore
Tests run: 0, Failures: 0, Errors: 0, Skipped: 0, Time elapsed: 0 sec
Running org.apache.qpid.server.exchange.DestWildExchangeTest
Tests run: 11, Failures: 0, Errors: 0, Skipped: 0, Time elapsed: 0.047 sec
Running org.apache.qpid.server.protocol.TestMinaProtocolSession
Tests run: 0, Failures: 0, Errors: 0, Skipped: 0, Time elapsed: 0 sec

Results :
Tests run: 53, Failures: 0, Errors: 0, Skipped: 0

[INFO] [antrun:run {execution: python_test}]
[INFO] Executing tasks

run-tests:
     [echo] Starting Broker with command
     [java] main 2008-04-17 15:48:22,789 DEBUG [apache.qpid.common.QpidProperties] Dumping QpidProperties
     [java] main 2008-04-17 15:48:22,789 DEBUG [apache.qpid.common.QpidProperties] Property: qpid.version Value: 1.0-incubating-M3-SNAPSHOT
     [java] main 2008-04-17 15:48:22,789 DEBUG [apache.qpid.common.QpidProperties] Property: qpid.svnversion Value: 649054:649132
     [java] main 2008-04-17 15:48:22,789 DEBUG [apache.qpid.common.QpidProperties] Property: qpid.name Value: Qpid Broker
     [java] main 2008-04-17 15:48:22,789 DEBUG [apache.qpid.common.QpidProperties] End of property dump
     [java] Qpid Broker - 1.0-incubating-M3-SNAPSHOT build: 649054:649132 (AMQP version(s) [major.minor]: 8-0, 0-9)
     [java] Using configuration file C:\work\qpid\thegreatmerge\thegreatmerge-working\qpid\java\broker\etc\config.xml
     [java] Configuring logger using configuration file C:\work\qpid\thegreatmerge\thegreatmerge-working\qpid\java\broker\etc\log4j.xml
     [java] 2008-04-17 15:48:23,789 WARN  [main] management.AMQUserManagementMBean (AMQUserManagementMBean.java:387) - Access rights contains user 'admin' but there is no authentication data for that user
     [java] 2008-04-17 15:48:23,789 WARN  [main] management.AMQUserManagementMBean (AMQUserManagementMBean.java:387) - Access rights contains user 'user' but there is no authentication data for that user
     [java] 2008-04-17 15:48:24,570 WARN  [main] management.JMXManagedObjectRegistry (JMXManagedObjectRegistry.java:153) - JMX: Started JMXConnector server on port '2111' with security disabled
     [java] 2008-04-17 15:48:24,679 WARN  [main] access.ACLManager (ACLManager.java:52) - No ACL Plugin specified. Using default ACL Plugin 'AllowAll' for VirtualHost:'localhost'
     [java] 2008-04-17 15:48:24,711 WARN  [main] access.ACLManager (ACLManager.java:52) - No ACL Plugin specified. Using default ACL Plugin 'AllowAll' for VirtualHost:'development'
     [java] 2008-04-17 15:48:24,726 WARN  [main] access.ACLManager (ACLManager.java:52) - No ACL Plugin specified. Using default ACL Plugin 'AllowAll' for VirtualHost:'test'
     [java] 2008-04-17 15:48:24,726 INFO  [main] server.Main (Main.java:267) - Starting Qpid Broker 1.0-incubating-M3-SNAPSHOT build: 649054:649132
     [java] 2008-04-17 15:48:24,929 WARN  [main] transport.ConnectorConfiguration (ConnectorConfiguration.java:110) - Using Mina IO Processing
     [java] 2008-04-17 15:48:25,039 INFO  [main] server.Main (Main.java:420) - Qpid.AMQP listening on non-SSL address 0.0.0.0/0.0.0.0:2110
     [java] 2008-04-17 15:48:25,039 INFO  [main] server.Main (Main.java:441) - Qpid Broker Ready :1.0-incubating-M3-SNAPSHOT build: 649054:649132
     [java] Started Proccess: python run-tests -v -I java_failing.txt -b localhost:2110 -s ../specs/amqp.0-9.no-wip.xml
     [java] [ERR]Traceback (most recent call last):
     [java] [ERR]  File "run-tests", line 32, in <module>
     [java] [ERR]    if not testrunner.run(): sys.exit(1)
     [java] [ERR]  File "/cygdrive/c/work/qpid/thegreatmerge/thegreatmerge-working/qpid/python/qpid/testlib.py", line 176, in run
     [java] [ERR]    self._parseargs(args)
     [java] [ERR]  File "/cygdrive/c/work/qpid/thegreatmerge/thegreatmerge-working/qpid/python/qpid/testlib.py", line 129, in _parseargs
     [java] [ERR]    if opt in ("-I", "--ignore-file"): self.ignoreFile(value)
     [java] [ERR]  File "/cygdrive/c/work/qpid/thegreatmerge/thegreatmerge-working/qpid/python/qpid/testlib.py", line 96, in ignoreFile
     [java] [ERR]    f = file(filename)
     [java] [ERR]IOError: [Errno 2] No such file or directory: 'java_failing.txt'
     [java] Waiting for process to exit: python run-tests -v -I java_failing.txt -b localhost:2110 -s ../specs/amqp.0-9.no-wip.xml
     [java] Done Proccess: python run-tests -v -I java_failing.txt -b localhost:2110 -s ../specs/amqp.0-9.no-wip.xml
[INFO] Executed tasks
[INFO] ----------------------------------------------------------------------------
[INFO] Building junit-toolkit
[INFO]    task-segment: [test]
[INFO] ----------------------------------------------------------------------------
[INFO] [resources:resources]
[INFO] Using default encoding to copy filtered resources.
[INFO] [compiler:compile]
[INFO] Nothing to compile - all classes are up to date
[INFO] [resources:testResources]
[INFO] Using default encoding to copy filtered resources.
[INFO] [compiler:testCompile]
[INFO] No sources to compile
[INFO] [surefire:test]
[INFO] Surefire report directory: C:\work\qpid\thegreatmerge\thegreatmerge-working\qpid\java\junit-toolkit\target\surefire-reports

-------------------------------------------------------
 T E S T S
-------------------------------------------------------
There are no tests to run.

Results :
Tests run: 0, Failures: 0, Errors: 0, Skipped: 0

[INFO] ----------------------------------------------------------------------------
[INFO] Building Qpid Client
[INFO]    task-segment: [test]
[INFO] ----------------------------------------------------------------------------
[INFO] Ignoring available plugin update: 2.4 as it requires Maven version 2.0.8
[INFO] Ignoring available plugin update: 2.4-SNAPSHOT as it requires Maven version 2.0.8
[INFO] [javacc:javacc {execution: default}]
[INFO] Nothing to process - all grammars are up to date
[INFO] [resources:resources]
[INFO] Using default encoding to copy filtered resources.
[INFO] [compiler:compile]
[INFO] Nothing to compile - all classes are up to date
[INFO] [antrun:run {execution: version_properties}]
[INFO] Executing tasks
[propertyfile] Updating property file: C:\work\qpid\thegreatmerge\thegreatmerge-working\qpid\java\client\target\classes\qpidversion.properties
[INFO] Executed tasks
[INFO] [resources:testResources]
[INFO] Using default encoding to copy filtered resources.
[INFO] [compiler:testCompile]
[INFO] Nothing to compile - all classes are up to date
[INFO] [surefire:test]
[INFO] Surefire report directory: C:\work\qpid\thegreatmerge\thegreatmerge-working\qpid\java\client\target\surefire-reports

-------------------------------------------------------
 T E S T S
-------------------------------------------------------
Running org.apache.qpid.test.unit.topic.TopicSessionTest
log4j:WARN No appenders could be found for logger (org.apache.qpid.testutil.QpidTestCase).
log4j:WARN Please initialize the log4j system properly.
Tests run: 8, Failures: 0, Errors: 8, Skipped: 0, Time elapsed: 1.828 sec <<< FAILURE!
Running org.apache.qpid.test.unit.client.connectionurl.ConnectionURLTest
Tests run: 24, Failures: 0, Errors: 0, Skipped: 0, Time elapsed: 0.063 sec
Running org.apache.qpid.client.AMQQueueDeferredOrderingTest
Tests run: 1, Failures: 0, Errors: 1, Skipped: 0, Time elapsed: 0.015 sec <<< FAILURE!
Running org.apache.qpid.test.unit.basic.MultipleConnectionTest
Tests run: 1, Failures: 0, Errors: 1, Skipped: 0, Time elapsed: 0.015 sec <<< FAILURE!
Running org.apache.qpid.test.unit.client.message.MapMessageTest
Tests run: 18, Failures: 0, Errors: 0, Skipped: 0, Time elapsed: 0.047 sec
Running org.apache.qpid.test.unit.transacted.TransactedTest
java.lang.NullPointerException
	at org.apache.qpid.client.handler.ClientMethodDispatcherImpl.newMethodDispatcher(ClientMethodDispatcherImpl.java:86)
	at org.apache.qpid.client.protocol.AMQProtocolSession.setStateManager(AMQProtocolSession.java:171)
	at org.apache.qpid.client.protocol.AMQProtocolHandler.setStateManager(AMQProtocolHandler.java:750)
	at org.apache.qpid.client.AMQConnection.<init>(AMQConnection.java:451)
	at org.apache.qpid.client.AMQConnection.<init>(AMQConnection.java:281)
	at org.apache.qpid.testutil.QpidTestCase.getConnection(QpidTestCase.java:339)
	at org.apache.qpid.test.unit.transacted.TransactedTest.setUp(TransactedTest.java:65)
	at junit.framework.TestCase.runBare(TestCase.java:125)
	at org.apache.qpid.testutil.QpidTestCase.runBare(QpidTestCase.java:131)
	at junit.framework.TestResult$1.protect(TestResult.java:106)
	at junit.framework.TestResult.runProtected(TestResult.java:124)
	at junit.framework.TestResult.run(TestResult.java:109)
	at junit.framework.TestCase.run(TestCase.java:118)
	at org.apache.qpid.testutil.QpidTestCase.run(QpidTestCase.java:157)
	at junit.framework.TestSuite.runTest(TestSuite.java:208)
	at junit.framework.TestSuite.run(TestSuite.java:203)
	at sun.reflect.NativeMethodAccessorImpl.invoke0(Native Method)
	at sun.reflect.NativeMethodAccessorImpl.invoke(NativeMethodAccessorImpl.java:39)
	at sun.reflect.DelegatingMethodAccessorImpl.invoke(DelegatingMethodAccessorImpl.java:25)
	at java.lang.reflect.Method.invoke(Method.java:597)
	at org.apache.maven.surefire.junit.JUnitTestSet.execute(JUnitTestSet.java:210)
	at org.apache.maven.surefire.suite.AbstractDirectoryTestSuite.executeTestSet(AbstractDirectoryTestSuite.java:135)
	at org.apache.maven.surefire.suite.AbstractDirectoryTestSuite.execute(AbstractDirectoryTestSuite.java:122)
	at org.apache.maven.surefire.Surefire.run(Surefire.java:129)
	at sun.reflect.NativeMethodAccessorImpl.invoke0(Native Method)
	at sun.reflect.NativeMethodAccessorImpl.invoke(NativeMethodAccessorImpl.java:39)
	at sun.reflect.DelegatingMethodAccessorImpl.invoke(DelegatingMethodAccessorImpl.java:25)
	at java.lang.reflect.Method.invoke(Method.java:597)
	at org.apache.maven.surefire.booter.SurefireBooter.runSuitesInProcess(SurefireBooter.java:225)
	at org.apache.maven.surefire.booter.SurefireBooter.run(SurefireBooter.java:139)
	at org.apache.maven.plugin.surefire.SurefirePlugin.execute(SurefirePlugin.java:376)
	at org.apache.maven.plugin.DefaultPluginManager.executeMojo(DefaultPluginManager.java:443)
	at org.apache.maven.lifecycle.DefaultLifecycleExecutor.executeGoals(DefaultLifecycleExecutor.java:539)
	at org.apache.maven.lifecycle.DefaultLifecycleExecutor.executeGoalWithLifecycle(DefaultLifecycleExecutor.java:480)
	at org.apache.maven.lifecycle.DefaultLifecycleExecutor.executeGoal(DefaultLifecycleExecutor.java:459)
	at org.apache.maven.lifecycle.DefaultLifecycleExecutor.executeGoalAndHandleFailures(DefaultLifecycleExecutor.java:311)
	at org.apache.maven.lifecycle.DefaultLifecycleExecutor.executeTaskSegments(DefaultLifecycleExecutor.java:278)
	at org.apache.maven.lifecycle.DefaultLifecycleExecutor.execute(DefaultLifecycleExecutor.java:143)
	at org.apache.maven.DefaultMaven.doExecute(DefaultMaven.java:334)
	at org.apache.maven.DefaultMaven.execute(DefaultMaven.java:125)
	at org.apache.maven.cli.MavenCli.main(MavenCli.java:280)
	at sun.reflect.NativeMethodAccessorImpl.invoke0(Native Method)
	at sun.reflect.NativeMethodAccessorImpl.invoke(NativeMethodAccessorImpl.java:39)
	at sun.reflect.DelegatingMethodAccessorImpl.invoke(DelegatingMethodAccessorImpl.java:25)
	at java.lang.reflect.Method.invoke(Method.java:597)
	at org.codehaus.classworlds.Launcher.launchEnhanced(Launcher.java:315)
	at org.codehaus.classworlds.Launcher.launch(Launcher.java:255)
	at org.codehaus.classworlds.Launcher.mainWithExitCode(Launcher.java:430)
	at org.codehaus.classworlds.Launcher.main(Launcher.java:375)
java.lang.NullPointerException
	at org.apache.qpid.client.handler.ClientMethodDispatcherImpl.newMethodDispatcher(ClientMethodDispatcherImpl.java:86)
	at org.apache.qpid.client.protocol.AMQProtocolSession.setStateManager(AMQProtocolSession.java:171)
	at org.apache.qpid.client.protocol.AMQProtocolHandler.setStateManager(AMQProtocolHandler.java:750)
	at org.apache.qpid.client.AMQConnection.<init>(AMQConnection.java:451)
	at org.apache.qpid.client.AMQConnection.<init>(AMQConnection.java:281)
	at org.apache.qpid.testutil.QpidTestCase.getConnection(QpidTestCase.java:339)
	at org.apache.qpid.test.unit.transacted.TransactedTest.setUp(TransactedTest.java:65)
	at junit.framework.TestCase.runBare(TestCase.java:125)
	at org.apache.qpid.testutil.QpidTestCase.runBare(QpidTestCase.java:131)
	at junit.framework.TestResult$1.protect(TestResult.java:106)
	at junit.framework.TestResult.runProtected(TestResult.java:124)
	at junit.framework.TestResult.run(TestResult.java:109)
	at junit.framework.TestCase.run(TestCase.java:118)
	at org.apache.qpid.testutil.QpidTestCase.run(QpidTestCase.java:157)
	at junit.framework.TestSuite.runTest(TestSuite.java:208)
	at junit.framework.TestSuite.run(TestSuite.java:203)
	at sun.reflect.NativeMethodAccessorImpl.invoke0(Native Method)
	at sun.reflect.NativeMethodAccessorImpl.invoke(NativeMethodAccessorImpl.java:39)
	at sun.reflect.DelegatingMethodAccessorImpl.invoke(DelegatingMethodAccessorImpl.java:25)
	at java.lang.reflect.Method.invoke(Method.java:597)
	at org.apache.maven.surefire.junit.JUnitTestSet.execute(JUnitTestSet.java:210)
	at org.apache.maven.surefire.suite.AbstractDirectoryTestSuite.executeTestSet(AbstractDirectoryTestSuite.java:135)
	at org.apache.maven.surefire.suite.AbstractDirectoryTestSuite.execute(AbstractDirectoryTestSuite.java:122)
	at org.apache.maven.surefire.Surefire.run(Surefire.java:129)
	at sun.reflect.NativeMethodAccessorImpl.invoke0(Native Method)
	at sun.reflect.NativeMethodAccessorImpl.invoke(NativeMethodAccessorImpl.java:39)
	at sun.reflect.DelegatingMethodAccessorImpl.invoke(DelegatingMethodAccessorImpl.java:25)
	at java.lang.reflect.Method.invoke(Method.java:597)
	at org.apache.maven.surefire.booter.SurefireBooter.runSuitesInProcess(SurefireBooter.java:225)
	at org.apache.maven.surefire.booter.SurefireBooter.run(SurefireBooter.java:139)
	at org.apache.maven.plugin.surefire.SurefirePlugin.execute(SurefirePlugin.java:376)
	at org.apache.maven.plugin.DefaultPluginManager.executeMojo(DefaultPluginManager.java:443)
	at org.apache.maven.lifecycle.DefaultLifecycleExecutor.executeGoals(DefaultLifecycleExecutor.java:539)
	at org.apache.maven.lifecycle.DefaultLifecycleExecutor.executeGoalWithLifecycle(DefaultLifecycleExecutor.java:480)
	at org.apache.maven.lifecycle.DefaultLifecycleExecutor.executeGoal(DefaultLifecycleExecutor.java:459)
	at org.apache.maven.lifecycle.DefaultLifecycleExecutor.executeGoalAndHandleFailures(DefaultLifecycleExecutor.java:311)
	at org.apache.maven.lifecycle.DefaultLifecycleExecutor.executeTaskSegments(DefaultLifecycleExecutor.java:278)
	at org.apache.maven.lifecycle.DefaultLifecycleExecutor.execute(DefaultLifecycleExecutor.java:143)
	at org.apache.maven.DefaultMaven.doExecute(DefaultMaven.java:334)
	at org.apache.maven.DefaultMaven.execute(DefaultMaven.java:125)
	at org.apache.maven.cli.MavenCli.main(MavenCli.java:280)
	at sun.reflect.NativeMethodAccessorImpl.invoke0(Native Method)
	at sun.reflect.NativeMethodAccessorImpl.invoke(NativeMethodAccessorImpl.java:39)
	at sun.reflect.DelegatingMethodAccessorImpl.invoke(DelegatingMethodAccessorImpl.java:25)
	at java.lang.reflect.Method.invoke(Method.java:597)
	at org.codehaus.classworlds.Launcher.launchEnhanced(Launcher.java:315)
	at org.codehaus.classworlds.Launcher.launch(Launcher.java:255)
	at org.codehaus.classworlds.Launcher.mainWithExitCode(Launcher.java:430)
	at org.codehaus.classworlds.Launcher.main(Launcher.java:375)
java.lang.NullPointerException
	at org.apache.qpid.client.handler.ClientMethodDispatcherImpl.newMethodDispatcher(ClientMethodDispatcherImpl.java:86)
	at org.apache.qpid.client.protocol.AMQProtocolSession.setStateManager(AMQProtocolSession.java:171)
	at org.apache.qpid.client.protocol.AMQProtocolHandler.setStateManager(AMQProtocolHandler.java:750)
	at org.apache.qpid.client.AMQConnection.<init>(AMQConnection.java:451)
	at org.apache.qpid.client.AMQConnection.<init>(AMQConnection.java:281)
	at org.apache.qpid.testutil.QpidTestCase.getConnection(QpidTestCase.java:339)
	at org.apache.qpid.test.unit.transacted.TransactedTest.setUp(TransactedTest.java:65)
	at junit.framework.TestCase.runBare(TestCase.java:125)
	at org.apache.qpid.testutil.QpidTestCase.runBare(QpidTestCase.java:131)
	at junit.framework.TestResult$1.protect(TestResult.java:106)
	at junit.framework.TestResult.runProtected(TestResult.java:124)
	at junit.framework.TestResult.run(TestResult.java:109)
	at junit.framework.TestCase.run(TestCase.java:118)
	at org.apache.qpid.testutil.QpidTestCase.run(QpidTestCase.java:157)
	at junit.framework.TestSuite.runTest(TestSuite.java:208)
	at junit.framework.TestSuite.run(TestSuite.java:203)
	at sun.reflect.NativeMethodAccessorImpl.invoke0(Native Method)
	at sun.reflect.NativeMethodAccessorImpl.invoke(NativeMethodAccessorImpl.java:39)
	at sun.reflect.DelegatingMethodAccessorImpl.invoke(DelegatingMethodAccessorImpl.java:25)
	at java.lang.reflect.Method.invoke(Method.java:597)
	at org.apache.maven.surefire.junit.JUnitTestSet.execute(JUnitTestSet.java:210)
	at org.apache.maven.surefire.suite.AbstractDirectoryTestSuite.executeTestSet(AbstractDirectoryTestSuite.java:135)
	at org.apache.maven.surefire.suite.AbstractDirectoryTestSuite.execute(AbstractDirectoryTestSuite.java:122)
	at org.apache.maven.surefire.Surefire.run(Surefire.java:129)
	at sun.reflect.NativeMethodAccessorImpl.invoke0(Native Method)
	at sun.reflect.NativeMethodAccessorImpl.invoke(NativeMethodAccessorImpl.java:39)
	at sun.reflect.DelegatingMethodAccessorImpl.invoke(DelegatingMethodAccessorImpl.java:25)
	at java.lang.reflect.Method.invoke(Method.java:597)
	at org.apache.maven.surefire.booter.SurefireBooter.runSuitesInProcess(SurefireBooter.java:225)
	at org.apache.maven.surefire.booter.SurefireBooter.run(SurefireBooter.java:139)
	at org.apache.maven.plugin.surefire.SurefirePlugin.execute(SurefirePlugin.java:376)
	at org.apache.maven.plugin.DefaultPluginManager.executeMojo(DefaultPluginManager.java:443)
	at org.apache.maven.lifecycle.DefaultLifecycleExecutor.executeGoals(DefaultLifecycleExecutor.java:539)
	at org.apache.maven.lifecycle.DefaultLifecycleExecutor.executeGoalWithLifecycle(DefaultLifecycleExecutor.java:480)
	at org.apache.maven.lifecycle.DefaultLifecycleExecutor.executeGoal(DefaultLifecycleExecutor.java:459)
	at org.apache.maven.lifecycle.DefaultLifecycleExecutor.executeGoalAndHandleFailures(DefaultLifecycleExecutor.java:311)
	at org.apache.maven.lifecycle.DefaultLifecycleExecutor.executeTaskSegments(DefaultLifecycleExecutor.java:278)
	at org.apache.maven.lifecycle.DefaultLifecycleExecutor.execute(DefaultLifecycleExecutor.java:143)
	at org.apache.maven.DefaultMaven.doExecute(DefaultMaven.java:334)
	at org.apache.maven.DefaultMaven.execute(DefaultMaven.java:125)
	at org.apache.maven.cli.MavenCli.main(MavenCli.java:280)
	at sun.reflect.NativeMethodAccessorImpl.invoke0(Native Method)
	at sun.reflect.NativeMethodAccessorImpl.invoke(NativeMethodAccessorImpl.java:39)
	at sun.reflect.DelegatingMethodAccessorImpl.invoke(DelegatingMethodAccessorImpl.java:25)
	at java.lang.reflect.Method.invoke(Method.java:597)
	at org.codehaus.classworlds.Launcher.launchEnhanced(Launcher.java:315)
	at org.codehaus.classworlds.Launcher.launch(Launcher.java:255)
	at org.codehaus.classworlds.Launcher.mainWithExitCode(Launcher.java:430)
	at org.codehaus.classworlds.Launcher.main(Launcher.java:375)
Tests run: 3, Failures: 0, Errors: 3, Skipped: 0, Time elapsed: 0.031 sec <<< FAILURE!
Running org.apache.qpid.test.unit.client.channelclose.CloseWithBlockingReceiveTest
Tests run: 1, Failures: 0, Errors: 1, Skipped: 0, Time elapsed: 0 sec <<< FAILURE!
Running org.apache.qpid.test.unit.basic.PubSubTwoConnectionTest
Tests run: 1, Failures: 0, Errors: 1, Skipped: 0, Time elapsed: 0.016 sec <<< FAILURE!
Running org.apache.qpid.test.unit.basic.SelectorTest
Tests run: 2, Failures: 0, Errors: 2, Skipped: 0, Time elapsed: 0.016 sec <<< FAILURE!
Running org.apache.qpid.test.unit.topic.DurableSubscriptionTest
Tests run: 4, Failures: 0, Errors: 4, Skipped: 0, Time elapsed: 0.015 sec <<< FAILURE!
Running org.apache.qpid.test.unit.client.message.BytesMessageTest
Tests run: 31, Failures: 0, Errors: 0, Skipped: 0, Time elapsed: 0.047 sec
Running org.apache.qpid.test.unit.client.message.TextMessageTest
Tests run: 16, Failures: 0, Errors: 0, Skipped: 0, Time elapsed: 0.047 sec
Running org.apache.qpid.test.unit.xa.TopicTest
Tests run: 7, Failures: 0, Errors: 0, Skipped: 0, Time elapsed: 0 sec
Running org.apache.qpid.test.unit.client.message.StreamMessageTest
Tests run: 33, Failures: 0, Errors: 0, Skipped: 0, Time elapsed: 0.031 sec
Running org.apache.qpid.test.unit.client.connection.ConnectionCloseTest
Tests run: 1, Failures: 0, Errors: 1, Skipped: 0, Time elapsed: 0 sec <<< FAILURE!
Running org.apache.qpid.test.unit.close.TopicPublisherCloseTest
Tests run: 1, Failures: 0, Errors: 1, Skipped: 0, Time elapsed: 0 sec <<< FAILURE!
Running org.apache.qpid.test.unit.client.AMQConnectionTest
Tests run: 9, Failures: 0, Errors: 9, Skipped: 0, Time elapsed: 0.032 sec <<< FAILURE!
Running org.apache.qpid.test.unit.client.temporaryqueue.TemporaryQueueTest
Tests run: 1, Failures: 0, Errors: 1, Skipped: 0, Time elapsed: 0 sec <<< FAILURE!
Running org.apache.qpid.test.unit.message.JMSDestinationTest
Tests run: 1, Failures: 0, Errors: 1, Skipped: 0, Time elapsed: 0 sec <<< FAILURE!
Running org.apache.qpid.test.unit.client.connection.ExceptionListenerTest
Tests run: 1, Failures: 0, Errors: 1, Skipped: 0, Time elapsed: 0.015 sec <<< FAILURE!
Running org.apache.qpid.client.message.TestMessageHelper
Tests run: 0, Failures: 0, Errors: 0, Skipped: 0, Time elapsed: 0.016 sec
Running org.apache.qpid.test.unit.basic.MapMessageTest
Tests run: 1, Failures: 1, Errors: 0, Skipped: 0, Time elapsed: 0.016 sec <<< FAILURE!
Running org.apache.qpid.test.unit.client.connection.ConnectionTest
Tests run: 8, Failures: 0, Errors: 8, Skipped: 0, Time elapsed: 0.563 sec <<< FAILURE!
Running org.apache.qpid.test.unit.message.MessageConverterTest
Tests run: 4, Failures: 0, Errors: 0, Skipped: 0, Time elapsed: 0.032 sec
Running org.apache.qpid.test.unit.basic.SessionStartTest
[INFO] ------------------------------------------------------------------------
[ERROR] BUILD ERROR
[INFO] ------------------------------------------------------------------------
[INFO] org.apache.qpid.test.unit.basic.SessionStartTest; nested exception is java.lang.reflect.UndeclaredThrowableException: null; nested exception is org.apache.maven.surefire.testset.TestSetFailedException: org.apache.qpid.test.unit.basic.SessionStartTest; nested exception is java.lang.reflect.UndeclaredThrowableException: null

org.apache.qpid.testutil.VMBrokerSetup.getName()
[INFO] ------------------------------------------------------------------------
[INFO] For more information, run Maven with the -e switch
[INFO] ------------------------------------------------------------------------
[INFO] Total time: 45 seconds
[INFO] Finished at: Thu Apr 17 15:48:37 BST 2008
[INFO] Final Memory: 12M/26M
[INFO] ------------------------------------------------------------------------
